uboxCard/build/outputs/logs/manifest-merger-debug-report.txt
-- Merging decision tree log ---
manifest
ADDED from src\main\AndroidManifest.xml:2:1-90:12
INJECTED from src\main\AndroidManifest.xml:2:1-90:12
INJECTED from src\main\AndroidManifest.xml:2:1-90:12
INJECTED from src\main\AndroidManifest.xml:2:1-90:12
MERGED from [:uBoxUtils] AndroidManifest.xml:2:1-14:12
INJECTED from src\main\AndroidManifest.xml:2:1-90:12
INJECTED from src\main\AndroidManifest.xml:2:1-90:12
INJECTED from src\main\AndroidManifest.xml:2:1-90:12
	package
		ADDED from src\main\AndroidManifest.xml:3:5-28
		INJECTED from src\main\AndroidManifest.xml
		INJECTED from src\main\AndroidManifest.xml
	android:sharedUserId
		ADDED from src\main\AndroidManifest.xml:4:5-36
	android:versionName
		ADDED from src\main\AndroidManifest.xml:6:5-33
		INJECTED from src\main\AndroidManifest.xml
		INJECTED from src\main\AndroidManifest.xml
	xmlns:android
		ADDED from src\main\AndroidManifest.xml:2:11-69
	android:versionCode
		ADDED from src\main\AndroidManifest.xml:5:5-29
		INJECTED from src\main\AndroidManifest.xml
		INJECTED from src\main\AndroidManifest.xml
uses-permission#android.permission.WRITE_EXTERNAL_STORAGE
ADDED from src\main\AndroidManifest.xml:8:5-81
	android:name
		ADDED from src\main\AndroidManifest.xml:8:22-78
uses-permission#android.permission.INTERNET
ADDED from src\main\AndroidManifest.xml:9:5-67
	android:name
		ADDED from src\main\AndroidManifest.xml:9:22-64
uses-permission#android.permission.ACCESS_NETWORK_STATE
ADDED from src\main\AndroidManifest.xml:10:5-79
	android:name
		ADDED from src\main\AndroidManifest.xml:10:22-76
uses-permission#android.permission.VIBRATE
ADDED from src\main\AndroidManifest.xml:11:5-66
	android:name
		ADDED from src\main\AndroidManifest.xml:11:22-63
uses-permission#android.permission.MODIFY_AUDIO_SETTINGS
ADDED from src\main\AndroidManifest.xml:12:5-80
	android:name
		ADDED from src\main\AndroidManifest.xml:12:22-77
uses-permission#android.permission.RECEIVE_BOOT_COMPLETED
ADDED from src\main\AndroidManifest.xml:13:5-81
	android:name
		ADDED from src\main\AndroidManifest.xml:13:22-78
uses-permission#android.permission.ACCESS_WIFI_STATE
ADDED from src\main\AndroidManifest.xml:14:5-76
	android:name
		ADDED from src\main\AndroidManifest.xml:14:22-73
uses-permission#android.permission.READ_PHONE_STATE
ADDED from src\main\AndroidManifest.xml:15:5-75
	android:name
		ADDED from src\main\AndroidManifest.xml:15:22-72
uses-permission#android.permission.CHANGE_WIFI_STATE
ADDED from src\main\AndroidManifest.xml:16:5-76
	android:name
		ADDED from src\main\AndroidManifest.xml:16:22-73
uses-permission#android.permission.RECORD_AUDIO
ADDED from src\main\AndroidManifest.xml:17:5-71
	android:name
		ADDED from src\main\AndroidManifest.xml:17:22-68
uses-permission#android.permission.KILL_BACKGROUND_PROCESSES
ADDED from src\main\AndroidManifest.xml:18:5-84
	android:name
		ADDED from src\main\AndroidManifest.xml:18:22-81
uses-permission#android.permission.RESTART_PACKAGES
ADDED from src\main\AndroidManifest.xml:19:5-74
	android:name
		ADDED from src\main\AndroidManifest.xml:19:22-72
uses-permission#android.permission.MOUNT_UNMOUNT_FILESYSTEMS
ADDED from src\main\AndroidManifest.xml:22:5-84
	android:name
		ADDED from src\main\AndroidManifest.xml:22:22-81
uses-permission#android.permission.ACCESS_COARSE_LOCATION
ADDED from src\main\AndroidManifest.xml:24:5-81
	android:name
		ADDED from src\main\AndroidManifest.xml:24:22-78
uses-permission#android.permission.ACCESS_FINE_LOCATION
ADDED from src\main\AndroidManifest.xml:25:5-79
	android:name
		ADDED from src\main\AndroidManifest.xml:25:22-76
uses-permission#android.permission.CHANGE_NETWORK_STATE
ADDED from src\main\AndroidManifest.xml:27:5-79
	android:name
		ADDED from src\main\AndroidManifest.xml:27:22-76
uses-permission#android.permission.REORDER_TASKS
ADDED from src\main\AndroidManifest.xml:28:5-72
	android:name
		ADDED from src\main\AndroidManifest.xml:28:22-69
uses-permission#android.permission.GET_TASKS
ADDED from src\main\AndroidManifest.xml:29:5-68
	android:name
		ADDED from src\main\AndroidManifest.xml:29:22-65
uses-permission#android.permission.READ_LOGS
ADDED from src\main\AndroidManifest.xml:30:5-68
	android:name
		ADDED from src\main\AndroidManifest.xml:30:22-65
uses-permission#android.permission.WAKE_LOCK
ADDED from src\main\AndroidManifest.xml:32:5-68
	android:name
		ADDED from src\main\AndroidManifest.xml:32:22-65
uses-permission#android.permission.WRITE_SETTINGS
ADDED from src\main\AndroidManifest.xml:34:5-73
	android:name
		ADDED from src\main\AndroidManifest.xml:34:22-70
uses-permission#android.hardware.usb.host
ADDED from src\main\AndroidManifest.xml:35:5-64
	android:name
		ADDED from src\main\AndroidManifest.xml:35:22-62
uses-permission#android.hardware.usb.accessory
ADDED from src\main\AndroidManifest.xml:36:2-66
	android:name
		ADDED from src\main\AndroidManifest.xml:36:19-64
uses-sdk
ADDED from src\main\AndroidManifest.xml:38:5-40:41
INJECTED from src\main\AndroidManifest.xml:38:5-40:41
INJECTED from src\main\AndroidManifest.xml:38:5-40:41
MERGED from [:uBoxUtils] AndroidManifest.xml:7:5-9:41
MERGED from [:uBoxUtils] AndroidManifest.xml:7:5-9:41
INJECTED from src\main\AndroidManifest.xml:38:5-40:41
INJECTED from src\main\AndroidManifest.xml:38:5-40:41
	android:targetSdkVersion
		ADDED from src\main\AndroidManifest.xml:40:9-38
		INJECTED from src\main\AndroidManifest.xml
		INJECTED from src\main\AndroidManifest.xml
	android:minSdkVersion
		ADDED from src\main\AndroidManifest.xml:39:9-35
		INJECTED from src\main\AndroidManifest.xml
		INJECTED from src\main\AndroidManifest.xml
application
ADDED from src\main\AndroidManifest.xml:42:5-88:19
MERGED from [:uBoxUtils] AndroidManifest.xml:11:5-12:19
MERGED from [:uBoxUtils] AndroidManifest.xml:11:5-12:19
	android:label
		ADDED from src\main\AndroidManifest.xml:45:9-41
	android:allowBackup
		ADDED from src\main\AndroidManifest.xml:44:9-35
	android:theme
		ADDED from src\main\AndroidManifest.xml:46:9-40
	android:name
		ADDED from src\main\AndroidManifest.xml:43:9-40
activity#com.ubox.card.tagend.SwingCardTagEndActivity
ADDED from src\main\AndroidManifest.xml:47:9-54:20
	android:label
		ADDED from src\main\AndroidManifest.xml:49:13-45
	android:name
		ADDED from src\main\AndroidManifest.xml:48:13-72
intent-filter#android.intent.category.DEFAULT+com.ubox.card.setting
ADDED from src\main\AndroidManifest.xml:50:13-53:29
action#com.ubox.card.setting
ADDED from src\main\AndroidManifest.xml:51:17-64
	android:name
		ADDED from src\main\AndroidManifest.xml:51:25-61
category#android.intent.category.DEFAULT
ADDED from src\main\AndroidManifest.xml:52:17-85
	android:name
		ADDED from src\main\AndroidManifest.xml:52:27-73
service#com.ubox.card.CardService
ADDED from src\main\AndroidManifest.xml:56:9-60:19
	android:name
		ADDED from src\main\AndroidManifest.xml:56:18-58
intent-filter#com.ubox.card.CardService
ADDED from src\main\AndroidManifest.xml:57:13-59:29
action#com.ubox.card.CardService
ADDED from src\main\AndroidManifest.xml:58:17-68
	android:name
		ADDED from src\main\AndroidManifest.xml:58:25-65
service#com.dodopal.android.service.DownLoadBlackListService
ADDED from src\main\AndroidManifest.xml:61:9-65:13
	android:name
		ADDED from src\main\AndroidManifest.xml:61:18-85
intent-filter#com.dodopal.android.service.UploadPOIService
ADDED from src\main\AndroidManifest.xml:62:4-64:20
action#com.dodopal.android.service.UploadPOIService
ADDED from src\main\AndroidManifest.xml:63:5-74
	android:name
		ADDED from src\main\AndroidManifest.xml:63:13-72
service#com.dodopal.android.service.UploadRecordsService
ADDED from src\main\AndroidManifest.xml:66:3-87
	android:name
		ADDED from src\main\AndroidManifest.xml:66:12-75
receiver#com.ubox.card.CardReceiver
ADDED from src\main\AndroidManifest.xml:68:9-74:20
	android:name
		ADDED from src\main\AndroidManifest.xml:68:19-60
intent-filter#com.ubox.card.recv+com.ubox.launcher.BOOT+com.ubox.launcher.STOP
ADDED from src\main\AndroidManifest.xml:69:13-73:29
action#com.ubox.card.recv
ADDED from src\main\AndroidManifest.xml:70:17-61
	android:name
		ADDED from src\main\AndroidManifest.xml:70:25-58
action#com.ubox.launcher.BOOT
ADDED from src\main\AndroidManifest.xml:71:17-64
	android:name
		ADDED from src\main\AndroidManifest.xml:71:25-62
action#com.ubox.launcher.STOP
ADDED from src\main\AndroidManifest.xml:72:17-65
	android:name
		ADDED from src\main\AndroidManifest.xml:72:25-62
receiver#com.dodopal.android.receiver.BootBroadcastReceiver
ADDED from src\main\AndroidManifest.xml:76:3-81:14
	android:exported
		ADDED from src\main\AndroidManifest.xml:76:79-103
	android:name
		ADDED from src\main\AndroidManifest.xml:76:13-78
intent-filter#android.intent.action.BOOT_COMPLETED+android.intent.action.USER_PRESENT
ADDED from src\main\AndroidManifest.xml:77:4-80:20
	android:priority
		ADDED from src\main\AndroidManifest.xml:77:19-42
action#android.intent.action.BOOT_COMPLETED
ADDED from src\main\AndroidManifest.xml:78:5-66
	android:name
		ADDED from src\main\AndroidManifest.xml:78:13-64
action#android.intent.action.USER_PRESENT
ADDED from src\main\AndroidManifest.xml:79:5-64
	android:name
		ADDED from src\main\AndroidManifest.xml:79:13-62
receiver#com.ubox.card.device.hkkj.StatusReceiver
ADDED from src\main\AndroidManifest.xml:82:9-87:20
	android:name
		ADDED from src\main\AndroidManifest.xml:82:19-74
intent-filter#com.ubox.card.vendout
ADDED from src\main\AndroidManifest.xml:83:13-85:29
action#com.ubox.card.vendout
ADDED from src\main\AndroidManifest.xml:84:17-71
	android:name
		ADDED from src\main\AndroidManifest.xml:84:25-61